2024-07-23 12:06:46.034  INFO 2776 --- [main] com.beyond.board.BoardApplication        : Starting BoardApplication using Java 11.0.22 on LAPTOP-B7AO1TEQ with PID 2776 (C:\Users\Playdata\Desktop\board\build\classes\java\main started by Playdata in C:\Users\Playdata\Desktop\board)
2024-07-23 12:06:46.040  INFO 2776 --- [main] com.beyond.board.BoardApplication        : No active profile set, falling back to 1 default profile: "default"
2024-07-23 12:06:47.118  INFO 2776 --- [main] .s.d.r.c.RepositoryConfigurationDelegate : Bootstrapping Spring Data JPA repositories in DEFAULT mode.
2024-07-23 12:06:47.242  INFO 2776 --- [main] .s.d.r.c.RepositoryConfigurationDelegate : Finished Spring Data repository scanning in 114 ms. Found 2 JPA repository interfaces.
2024-07-23 12:06:47.806  INFO 2776 --- [main] o.s.b.w.embedded.tomcat.TomcatWebServer  : Tomcat initialized with port(s): 8080 (http)
2024-07-23 12:06:47.817  INFO 2776 --- [main] o.apache.catalina.core.StandardService   : Starting service [Tomcat]
2024-07-23 12:06:47.817  INFO 2776 --- [main] org.apache.catalina.core.StandardEngine  : Starting Servlet engine: [Apache Tomcat/9.0.74]
2024-07-23 12:06:48.006  INFO 2776 --- [main] o.a.c.c.C.[Tomcat].[localhost].[/]       : Initializing Spring embedded WebApplicationContext
2024-07-23 12:06:48.007  INFO 2776 --- [main] w.s.c.ServletWebServerApplicationContext : Root WebApplicationContext: initialization completed in 1894 ms
2024-07-23 12:06:48.140  INFO 2776 --- [main] com.zaxxer.hikari.HikariDataSource       : HikariPool-1 - Starting...
2024-07-23 12:06:48.199  INFO 2776 --- [main] com.zaxxer.hikari.HikariDataSource       : HikariPool-1 - Start completed.
2024-07-23 12:06:48.340  INFO 2776 --- [main] o.hibernate.jpa.internal.util.LogHelper  : HHH000204: Processing PersistenceUnitInfo [name: default]
2024-07-23 12:06:48.382  INFO 2776 --- [main] org.hibernate.Version                    : HHH000412: Hibernate ORM core version 5.6.15.Final
2024-07-23 12:06:48.520  INFO 2776 --- [main] o.hibernate.annotations.common.Version   : HCANN000001: Hibernate Commons Annotations {5.1.2.Final}
2024-07-23 12:06:48.631  INFO 2776 --- [main] org.hibernate.dialect.Dialect            : HHH000400: Using dialect: org.hibernate.dialect.MariaDBDialect
2024-07-23 12:06:49.432  INFO 2776 --- [main] o.h.e.t.j.p.i.JtaPlatformInitiator       : HHH000490: Using JtaPlatform implementation: [org.hibernate.engine.transaction.jta.platform.internal.NoJtaPlatform]
2024-07-23 12:06:49.445  INFO 2776 --- [main] j.LocalContainerEntityManagerFactoryBean : Initialized JPA EntityManagerFactory for persistence unit 'default'
2024-07-23 12:06:50.898  WARN 2776 --- [main] JpaBaseConfiguration$JpaWebConfiguration : spring.jpa.open-in-view is enabled by default. Therefore, database queries may be performed during view rendering. Explicitly configure spring.jpa.open-in-view to disable this warning
2024-07-23 12:06:51.464  WARN 2776 --- [main] o.s.b.a.batch.JpaBatchConfigurer         : JPA does not support custom isolation levels, so locks may not be taken when launching Jobs. To silence this warning, set 'spring.batch.jdbc.isolation-level-for-create' to 'default'.
2024-07-23 12:06:51.470  INFO 2776 --- [main] o.s.b.c.r.s.JobRepositoryFactoryBean     : No database type set, using meta data indicating: MYSQL
2024-07-23 12:06:51.518  INFO 2776 --- [main] o.s.b.c.l.support.SimpleJobLauncher      : No TaskExecutor has been set, defaulting to synchronous executor.
2024-07-23 12:06:51.649  INFO 2776 --- [main] o.s.b.w.embedded.tomcat.TomcatWebServer  : Tomcat started on port(s): 8080 (http) with context path ''
2024-07-23 12:06:51.669  INFO 2776 --- [main] com.beyond.board.BoardApplication        : Started BoardApplication in 6.3 seconds (JVM running for 7.681)
2024-07-23 12:06:51.673  INFO 2776 --- [main] o.s.b.a.b.JobLauncherApplicationRunner   : Running default command line with: []
2024-07-23 12:06:51.782  INFO 2776 --- [main] o.s.b.c.l.support.SimpleJobLauncher      : Job: [SimpleJob: [name=excuteJob]] launched with the following parameters: [{}]
2024-07-23 12:06:51.809  INFO 2776 --- [main] o.s.batch.core.job.SimpleStepHandler     : Step already complete or not restartable, so no action to execute: StepExecution: id=1, version=3, name=firstStep, status=COMPLETED, exitStatus=COMPLETED, readCount=0, filterCount=0, writeCount=0 readSkipCount=0, writeSkipCount=0, processSkipCount=0, commitCount=1, rollbackCount=0, exitDescription=
2024-07-23 12:06:51.812  INFO 2776 --- [main] o.s.batch.core.job.SimpleStepHandler     : Step already complete or not restartable, so no action to execute: StepExecution: id=2, version=3, name=secondStep, status=COMPLETED, exitStatus=COMPLETED, readCount=0, filterCount=0, writeCount=0 readSkipCount=0, writeSkipCount=0, processSkipCount=0, commitCount=1, rollbackCount=0, exitDescription=
2024-07-23 12:06:51.818  INFO 2776 --- [main] o.s.b.c.l.support.SimpleJobLauncher      : Job: [SimpleJob: [name=excuteJob]] completed with the following parameters: [{}] and the following status: [COMPLETED] in 15ms
2024-07-23 12:10:57.081  INFO 2776 --- [http-nio-8080-exec-1] o.a.c.c.C.[Tomcat].[localhost].[/]       : Initializing Spring DispatcherServlet 'dispatcherServlet'
2024-07-23 12:10:57.082  INFO 2776 --- [http-nio-8080-exec-1] o.s.web.servlet.DispatcherServlet        : Initializing Servlet 'dispatcherServlet'
2024-07-23 12:10:57.086  INFO 2776 --- [http-nio-8080-exec-1] o.s.web.servlet.DispatcherServlet        : Completed initialization in 3 ms
2024-07-23 12:13:03.822  INFO 2776 --- [SpringApplicationShutdownHook] j.LocalContainerEntityManagerFactoryBean : Closing JPA EntityManagerFactory for persistence unit 'default'
2024-07-23 12:13:03.827  INFO 2776 --- [SpringApplicationShutdownHook] com.zaxxer.hikari.HikariDataSource       : HikariPool-1 - Shutdown initiated...
2024-07-23 12:13:03.840  INFO 2776 --- [SpringApplicationShutdownHook] com.zaxxer.hikari.HikariDataSource       : HikariPool-1 - Shutdown completed.
12:37 com.beyond.board.BoardApplication-Starting BoardApplication using Java 11.0.22 on LAPTOP-B7AO1TEQ with PID 3516 (C:\Users\Playdata\Desktop\board\build\classes\java\main started by Playdata in C:\Users\Playdata\Desktop\board)
12:37 com.beyond.board.BoardApplication-No active profile set, falling back to 1 default profile: "default"
12:37 o.s.d.r.c.RepositoryConfigurationDelegate-Bootstrapping Spring Data JPA repositories in DEFAULT mode.
12:37 o.s.d.r.c.RepositoryConfigurationDelegate-Finished Spring Data repository scanning in 138 ms. Found 2 JPA repository interfaces.
12:37 o.s.b.w.e.tomcat.TomcatWebServer-Tomcat initialized with port(s): 8080 (http)
12:37 o.a.coyote.http11.Http11NioProtocol-Initializing ProtocolHandler ["http-nio-8080"]
12:37 o.a.catalina.core.StandardService-Starting service [Tomcat]
12:37 o.a.catalina.core.StandardEngine-Starting Servlet engine: [Apache Tomcat/9.0.74]
12:37 o.a.c.c.C.[Tomcat].[localhost].[/]-Initializing Spring embedded WebApplicationContext
12:37 o.s.b.w.s.c.ServletWebServerApplicationContext-Root WebApplicationContext: initialization completed in 1677 ms
12:37 com.zaxxer.hikari.HikariDataSource-HikariPool-1 - Starting...
12:37 com.zaxxer.hikari.HikariDataSource-HikariPool-1 - Start completed.
12:37 o.h.jpa.internal.util.LogHelper-HHH000204: Processing PersistenceUnitInfo [name: default]
12:37 org.hibernate.Version-HHH000412: Hibernate ORM core version 5.6.15.Final
12:37 o.h.annotations.common.Version-HCANN000001: Hibernate Commons Annotations {5.1.2.Final}
12:37 org.hibernate.dialect.Dialect-HHH000400: Using dialect: org.hibernate.dialect.MariaDBDialect
12:37 o.h.e.t.j.p.i.JtaPlatformInitiator-HHH000490: Using JtaPlatform implementation: [org.hibernate.engine.transaction.jta.platform.internal.NoJtaPlatform]
12:37 o.s.o.j.LocalContainerEntityManagerFactoryBean-Initialized JPA EntityManagerFactory for persistence unit 'default'
12:37 o.s.b.a.o.j.JpaBaseConfiguration$JpaWebConfiguration-spring.jpa.open-in-view is enabled by default. Therefore, database queries may be performed during view rendering. Explicitly configure spring.jpa.open-in-view to disable this warning
12:37 o.s.b.a.batch.JpaBatchConfigurer-JPA does not support custom isolation levels, so locks may not be taken when launching Jobs. To silence this warning, set 'spring.batch.jdbc.isolation-level-for-create' to 'default'.
12:37 o.s.b.c.r.s.JobRepositoryFactoryBean-No database type set, using meta data indicating: MYSQL
12:37 o.s.b.c.l.support.SimpleJobLauncher-No TaskExecutor has been set, defaulting to synchronous executor.
12:37 o.a.coyote.http11.Http11NioProtocol-Starting ProtocolHandler ["http-nio-8080"]
12:37 o.s.b.w.e.tomcat.TomcatWebServer-Tomcat started on port(s): 8080 (http) with context path ''
12:37 com.beyond.board.BoardApplication-Started BoardApplication in 4.417 seconds (JVM running for 5.823)
12:37 o.s.b.a.b.JobLauncherApplicationRunner-Running default command line with: []
12:37 o.s.b.c.l.support.SimpleJobLauncher-Job: [SimpleJob: [name=excuteJob]] launched with the following parameters: [{}]
12:37 o.s.batch.core.job.SimpleStepHandler-Step already complete or not restartable, so no action to execute: StepExecution: id=1, version=3, name=firstStep, status=COMPLETED, exitStatus=COMPLETED, readCount=0, filterCount=0, writeCount=0 readSkipCount=0, writeSkipCount=0, processSkipCount=0, commitCount=1, rollbackCount=0, exitDescription=
12:37 o.s.batch.core.job.SimpleStepHandler-Step already complete or not restartable, so no action to execute: StepExecution: id=2, version=3, name=secondStep, status=COMPLETED, exitStatus=COMPLETED, readCount=0, filterCount=0, writeCount=0 readSkipCount=0, writeSkipCount=0, processSkipCount=0, commitCount=1, rollbackCount=0, exitDescription=
12:37 o.s.b.c.l.support.SimpleJobLauncher-Job: [SimpleJob: [name=excuteJob]] completed with the following parameters: [{}] and the following status: [COMPLETED] in 18ms
12:38 o.a.c.c.C.[Tomcat].[localhost].[/]-Initializing Spring DispatcherServlet 'dispatcherServlet'
12:38 o.s.web.servlet.DispatcherServlet-Initializing Servlet 'dispatcherServlet'
12:38 o.s.web.servlet.DispatcherServlet-Completed initialization in 1 ms
12:38 o.a.c.c.C.[.[.[.[dispatcherServlet]-Servlet.service() for servlet [dispatcherServlet] in context with path [] threw exception [Request processing failed; nested exception is java.lang.IllegalArgumentException: 없는 회원입니다.] with root cause
java.lang.IllegalArgumentException: 없는 회원입니다.
	at com.beyond.board.author.service.AuthorService.lambda$authorDetail$0(AuthorService.java:58)
	at java.base/java.util.Optional.orElseThrow(Optional.java:408)
	at com.beyond.board.author.service.AuthorService.authorDetail(AuthorService.java:58)
	at com.beyond.board.author.service.AuthorService$$FastClassBySpringCGLIB$$cc00b908.invoke(<generated>)
	at org.springframework.cglib.proxy.MethodProxy.invoke(MethodProxy.java:218)
	at org.springframework.aop.framework.CglibAopProxy$CglibMethodInvocation.invokeJoinpoint(CglibAopProxy.java:793)
	at org.springframework.aop.framework.ReflectiveMethodInvocation.proceed(ReflectiveMethodInvocation.java:163)
	at org.springframework.aop.framework.CglibAopProxy$CglibMethodInvocation.proceed(CglibAopProxy.java:763)
	at org.springframework.transaction.interceptor.TransactionInterceptor$1.proceedWithInvocation(TransactionInterceptor.java:123)
	at org.springframework.transaction.interceptor.TransactionAspectSupport.invokeWithinTransaction(TransactionAspectSupport.java:388)
	at org.springframework.transaction.interceptor.TransactionInterceptor.invoke(TransactionInterceptor.java:119)
	at org.springframework.aop.framework.ReflectiveMethodInvocation.proceed(ReflectiveMethodInvocation.java:186)
	at org.springframework.aop.framework.CglibAopProxy$CglibMethodInvocation.proceed(CglibAopProxy.java:763)
	at org.springframework.aop.framework.CglibAopProxy$DynamicAdvisedInterceptor.intercept(CglibAopProxy.java:708)
	at com.beyond.board.author.service.AuthorService$$EnhancerBySpringCGLIB$$ea4281f6.authorDetail(<generated>)
	at com.beyond.board.author.controller.AuthorController.authorDetail(AuthorController.java:43)
	at java.base/jdk.internal.reflect.NativeMethodAccessorImpl.invoke0(Native Method)
	at java.base/jdk.internal.reflect.NativeMethodAccessorImpl.invoke(NativeMethodAccessorImpl.java:62)
	at java.base/jdk.internal.reflect.DelegatingMethodAccessorImpl.invoke(DelegatingMethodAccessorImpl.java:43)
	at java.base/java.lang.reflect.Method.invoke(Method.java:566)
	at org.springframework.web.method.support.InvocableHandlerMethod.doInvoke(InvocableHandlerMethod.java:205)
	at org.springframework.web.method.support.InvocableHandlerMethod.invokeForRequest(InvocableHandlerMethod.java:150)
	at org.springframework.web.servlet.mvc.method.annotation.ServletInvocableHandlerMethod.invokeAndHandle(ServletInvocableHandlerMethod.java:117)
	at org.springframework.web.servlet.mvc.method.annotation.RequestMappingHandlerAdapter.invokeHandlerMethod(RequestMappingHandlerAdapter.java:895)
	at org.springframework.web.servlet.mvc.method.annotation.RequestMappingHandlerAdapter.handleInternal(RequestMappingHandlerAdapter.java:808)
	at org.springframework.web.servlet.mvc.method.AbstractHandlerMethodAdapter.handle(AbstractHandlerMethodAdapter.java:87)
	at org.springframework.web.servlet.DispatcherServlet.doDispatch(DispatcherServlet.java:1072)
	at org.springframework.web.servlet.DispatcherServlet.doService(DispatcherServlet.java:965)
	at org.springframework.web.servlet.FrameworkServlet.processRequest(FrameworkServlet.java:1006)
	at org.springframework.web.servlet.FrameworkServlet.doGet(FrameworkServlet.java:898)
	at javax.servlet.http.HttpServlet.service(HttpServlet.java:529)
	at org.springframework.web.servlet.FrameworkServlet.service(FrameworkServlet.java:883)
	at javax.servlet.http.HttpServlet.service(HttpServlet.java:623)
	at org.apache.catalina.core.ApplicationFilterChain.internalDoFilter(ApplicationFilterChain.java:209)
	at org.apache.catalina.core.ApplicationFilterChain.doFilter(ApplicationFilterChain.java:153)
	at org.apache.tomcat.websocket.server.WsFilter.doFilter(WsFilter.java:51)
	at org.apache.catalina.core.ApplicationFilterChain.internalDoFilter(ApplicationFilterChain.java:178)
	at org.apache.catalina.core.ApplicationFilterChain.doFilter(ApplicationFilterChain.java:153)
	at org.springframework.web.filter.RequestContextFilter.doFilterInternal(RequestContextFilter.java:100)
	at org.springframework.web.filter.OncePerRequestFilter.doFilter(OncePerRequestFilter.java:117)
	at org.apache.catalina.core.ApplicationFilterChain.internalDoFilter(ApplicationFilterChain.java:178)
	at org.apache.catalina.core.ApplicationFilterChain.doFilter(ApplicationFilterChain.java:153)
	at org.springframework.web.filter.FormContentFilter.doFilterInternal(FormContentFilter.java:93)
	at org.springframework.web.filter.OncePerRequestFilter.doFilter(OncePerRequestFilter.java:117)
	at org.apache.catalina.core.ApplicationFilterChain.internalDoFilter(ApplicationFilterChain.java:178)
	at org.apache.catalina.core.ApplicationFilterChain.doFilter(ApplicationFilterChain.java:153)
	at org.springframework.web.filter.CharacterEncodingFilter.doFilterInternal(CharacterEncodingFilter.java:201)
	at org.springframework.web.filter.OncePerRequestFilter.doFilter(OncePerRequestFilter.java:117)
	at org.apache.catalina.core.ApplicationFilterChain.internalDoFilter(ApplicationFilterChain.java:178)
	at org.apache.catalina.core.ApplicationFilterChain.doFilter(ApplicationFilterChain.java:153)
	at org.apache.catalina.core.StandardWrapperValve.invoke(StandardWrapperValve.java:167)
	at org.apache.catalina.core.StandardContextValve.invoke(StandardContextValve.java:90)
	at org.apache.catalina.authenticator.AuthenticatorBase.invoke(AuthenticatorBase.java:481)
	at org.apache.catalina.core.StandardHostValve.invoke(StandardHostValve.java:130)
	at org.apache.catalina.valves.ErrorReportValve.invoke(ErrorReportValve.java:93)
	at org.apache.catalina.core.StandardEngineValve.invoke(StandardEngineValve.java:74)
	at org.apache.catalina.connector.CoyoteAdapter.service(CoyoteAdapter.java:343)
	at org.apache.coyote.http11.Http11Processor.service(Http11Processor.java:389)
	at org.apache.coyote.AbstractProcessorLight.process(AbstractProcessorLight.java:63)
	at org.apache.coyote.AbstractProtocol$ConnectionHandler.process(AbstractProtocol.java:926)
	at org.apache.tomcat.util.net.NioEndpoint$SocketProcessor.doRun(NioEndpoint.java:1791)
	at org.apache.tomcat.util.net.SocketProcessorBase.run(SocketProcessorBase.java:52)
	at org.apache.tomcat.util.threads.ThreadPoolExecutor.runWorker(ThreadPoolExecutor.java:1191)
	at org.apache.tomcat.util.threads.ThreadPoolExecutor$Worker.run(ThreadPoolExecutor.java:659)
	at org.apache.tomcat.util.threads.TaskThread$WrappingRunnable.run(TaskThread.java:61)
	at java.base/java.lang.Thread.run(Thread.java:834)
12:40 o.s.o.j.LocalContainerEntityManagerFactoryBean-Closing JPA EntityManagerFactory for persistence unit 'default'
12:40 com.zaxxer.hikari.HikariDataSource-HikariPool-1 - Shutdown initiated...
12:40 com.zaxxer.hikari.HikariDataSource-HikariPool-1 - Shutdown completed.
14:14 com.beyond.board.BoardApplication-Starting BoardApplication using Java 11.0.22 on LAPTOP-B7AO1TEQ with PID 7748 (C:\Users\Playdata\Desktop\board\build\classes\java\main started by Playdata in C:\Users\Playdata\Desktop\board)
14:14 com.beyond.board.BoardApplication-The following 1 profile is active: "prod"
14:14 o.s.d.r.c.RepositoryConfigurationDelegate-Bootstrapping Spring Data JPA repositories in DEFAULT mode.
14:14 o.s.d.r.c.RepositoryConfigurationDelegate-Finished Spring Data repository scanning in 76 ms. Found 2 JPA repository interfaces.
14:14 o.s.b.w.e.tomcat.TomcatWebServer-Tomcat initialized with port(s): 8081 (http)
14:14 o.a.coyote.http11.Http11NioProtocol-Initializing ProtocolHandler ["http-nio-8081"]
14:14 o.a.catalina.core.StandardService-Starting service [Tomcat]
14:14 o.a.catalina.core.StandardEngine-Starting Servlet engine: [Apache Tomcat/9.0.74]
14:14 o.a.c.c.C.[Tomcat].[localhost].[/]-Initializing Spring embedded WebApplicationContext
14:14 o.s.b.w.s.c.ServletWebServerApplicationContext-Root WebApplicationContext: initialization completed in 1022 ms
14:14 com.zaxxer.hikari.HikariDataSource-HikariPool-1 - Starting...
14:14 com.zaxxer.hikari.HikariDataSource-HikariPool-1 - Start completed.
14:14 o.h.jpa.internal.util.LogHelper-HHH000204: Processing PersistenceUnitInfo [name: default]
14:14 org.hibernate.Version-HHH000412: Hibernate ORM core version 5.6.15.Final
14:14 o.h.annotations.common.Version-HCANN000001: Hibernate Commons Annotations {5.1.2.Final}
14:14 org.hibernate.dialect.Dialect-HHH000400: Using dialect: org.hibernate.dialect.MariaDBDialect
14:14 o.h.e.t.j.p.i.JtaPlatformInitiator-HHH000490: Using JtaPlatform implementation: [org.hibernate.engine.transaction.jta.platform.internal.NoJtaPlatform]
14:14 o.s.o.j.LocalContainerEntityManagerFactoryBean-Initialized JPA EntityManagerFactory for persistence unit 'default'
14:14 o.s.b.a.o.j.JpaBaseConfiguration$JpaWebConfiguration-spring.jpa.open-in-view is enabled by default. Therefore, database queries may be performed during view rendering. Explicitly configure spring.jpa.open-in-view to disable this warning
14:14 o.s.b.a.batch.JpaBatchConfigurer-JPA does not support custom isolation levels, so locks may not be taken when launching Jobs. To silence this warning, set 'spring.batch.jdbc.isolation-level-for-create' to 'default'.
14:14 o.s.b.c.r.s.JobRepositoryFactoryBean-No database type set, using meta data indicating: MYSQL
14:14 o.s.b.c.l.support.SimpleJobLauncher-No TaskExecutor has been set, defaulting to synchronous executor.
14:14 o.a.coyote.http11.Http11NioProtocol-Starting ProtocolHandler ["http-nio-8081"]
14:14 o.s.b.w.e.tomcat.TomcatWebServer-Tomcat started on port(s): 8081 (http) with context path ''
14:14 com.beyond.board.BoardApplication-Started BoardApplication in 3.09 seconds (JVM running for 3.882)
14:14 o.s.b.a.b.JobLauncherApplicationRunner-Running default command line with: []
14:14 o.s.b.c.l.support.SimpleJobLauncher-Job: [SimpleJob: [name=excuteJob]] launched with the following parameters: [{}]
14:14 o.s.batch.core.job.SimpleStepHandler-Step already complete or not restartable, so no action to execute: StepExecution: id=1, version=3, name=firstStep, status=COMPLETED, exitStatus=COMPLETED, readCount=0, filterCount=0, writeCount=0 readSkipCount=0, writeSkipCount=0, processSkipCount=0, commitCount=1, rollbackCount=0, exitDescription=
14:14 o.s.batch.core.job.SimpleStepHandler-Step already complete or not restartable, so no action to execute: StepExecution: id=2, version=3, name=secondStep, status=COMPLETED, exitStatus=COMPLETED, readCount=0, filterCount=0, writeCount=0 readSkipCount=0, writeSkipCount=0, processSkipCount=0, commitCount=1, rollbackCount=0, exitDescription=
14:14 o.s.b.c.l.support.SimpleJobLauncher-Job: [SimpleJob: [name=excuteJob]] completed with the following parameters: [{}] and the following status: [COMPLETED] in 15ms
14:14 o.a.c.c.C.[Tomcat].[localhost].[/]-Initializing Spring DispatcherServlet 'dispatcherServlet'
14:14 o.s.web.servlet.DispatcherServlet-Initializing Servlet 'dispatcherServlet'
14:14 o.s.web.servlet.DispatcherServlet-Completed initialization in 0 ms
14:16 o.s.o.j.LocalContainerEntityManagerFactoryBean-Closing JPA EntityManagerFactory for persistence unit 'default'
14:16 com.zaxxer.hikari.HikariDataSource-HikariPool-1 - Shutdown initiated...
14:16 com.zaxxer.hikari.HikariDataSource-HikariPool-1 - Shutdown completed.
14:17 com.beyond.board.BoardApplication-Starting BoardApplication using Java 11.0.22 on LAPTOP-B7AO1TEQ with PID 2260 (C:\Users\Playdata\Desktop\board\build\classes\java\main started by Playdata in C:\Users\Playdata\Desktop\board)
14:17 com.beyond.board.BoardApplication-The following 1 profile is active: "dev"
14:17 o.s.d.r.c.RepositoryConfigurationDelegate-Bootstrapping Spring Data JPA repositories in DEFAULT mode.
14:17 o.s.d.r.c.RepositoryConfigurationDelegate-Finished Spring Data repository scanning in 82 ms. Found 2 JPA repository interfaces.
14:17 o.s.b.w.e.tomcat.TomcatWebServer-Tomcat initialized with port(s): 8080 (http)
14:17 o.a.coyote.http11.Http11NioProtocol-Initializing ProtocolHandler ["http-nio-8080"]
14:17 o.a.catalina.core.StandardService-Starting service [Tomcat]
14:17 o.a.catalina.core.StandardEngine-Starting Servlet engine: [Apache Tomcat/9.0.74]
14:17 o.a.c.c.C.[Tomcat].[localhost].[/]-Initializing Spring embedded WebApplicationContext
14:17 o.s.b.w.s.c.ServletWebServerApplicationContext-Root WebApplicationContext: initialization completed in 1027 ms
14:17 com.zaxxer.hikari.HikariDataSource-HikariPool-1 - Starting...
14:17 com.zaxxer.hikari.HikariDataSource-HikariPool-1 - Start completed.
14:17 o.h.jpa.internal.util.LogHelper-HHH000204: Processing PersistenceUnitInfo [name: default]
14:17 org.hibernate.Version-HHH000412: Hibernate ORM core version 5.6.15.Final
14:17 o.h.annotations.common.Version-HCANN000001: Hibernate Commons Annotations {5.1.2.Final}
14:17 org.hibernate.dialect.Dialect-HHH000400: Using dialect: org.hibernate.dialect.MariaDBDialect
14:17 o.h.e.t.j.p.i.JtaPlatformInitiator-HHH000490: Using JtaPlatform implementation: [org.hibernate.engine.transaction.jta.platform.internal.NoJtaPlatform]
14:17 o.s.o.j.LocalContainerEntityManagerFactoryBean-Initialized JPA EntityManagerFactory for persistence unit 'default'
14:17 o.s.b.a.o.j.JpaBaseConfiguration$JpaWebConfiguration-spring.jpa.open-in-view is enabled by default. Therefore, database queries may be performed during view rendering. Explicitly configure spring.jpa.open-in-view to disable this warning
14:17 o.s.b.a.batch.JpaBatchConfigurer-JPA does not support custom isolation levels, so locks may not be taken when launching Jobs. To silence this warning, set 'spring.batch.jdbc.isolation-level-for-create' to 'default'.
14:17 o.s.b.c.r.s.JobRepositoryFactoryBean-No database type set, using meta data indicating: MYSQL
14:17 o.s.b.c.l.support.SimpleJobLauncher-No TaskExecutor has been set, defaulting to synchronous executor.
14:17 o.a.coyote.http11.Http11NioProtocol-Starting ProtocolHandler ["http-nio-8080"]
14:17 o.s.b.w.e.tomcat.TomcatWebServer-Tomcat started on port(s): 8080 (http) with context path ''
14:17 com.beyond.board.BoardApplication-Started BoardApplication in 2.912 seconds (JVM running for 3.639)
14:17 o.s.b.a.b.JobLauncherApplicationRunner-Running default command line with: []
14:17 o.a.c.c.C.[Tomcat].[localhost].[/]-Initializing Spring DispatcherServlet 'dispatcherServlet'
14:17 o.s.web.servlet.DispatcherServlet-Initializing Servlet 'dispatcherServlet'
14:17 o.s.web.servlet.DispatcherServlet-Completed initialization in 1 ms
14:17 o.s.b.c.l.support.SimpleJobLauncher-Job: [SimpleJob: [name=excuteJob]] launched with the following parameters: [{}]
14:17 o.s.batch.core.job.SimpleStepHandler-Step already complete or not restartable, so no action to execute: StepExecution: id=1, version=3, name=firstStep, status=COMPLETED, exitStatus=COMPLETED, readCount=0, filterCount=0, writeCount=0 readSkipCount=0, writeSkipCount=0, processSkipCount=0, commitCount=1, rollbackCount=0, exitDescription=
14:17 o.s.batch.core.job.SimpleStepHandler-Step already complete or not restartable, so no action to execute: StepExecution: id=2, version=3, name=secondStep, status=COMPLETED, exitStatus=COMPLETED, readCount=0, filterCount=0, writeCount=0 readSkipCount=0, writeSkipCount=0, processSkipCount=0, commitCount=1, rollbackCount=0, exitDescription=
14:17 o.s.b.c.l.support.SimpleJobLauncher-Job: [SimpleJob: [name=excuteJob]] completed with the following parameters: [{}] and the following status: [COMPLETED] in 11ms
14:22 o.s.o.j.LocalContainerEntityManagerFactoryBean-Closing JPA EntityManagerFactory for persistence unit 'default'
14:22 com.zaxxer.hikari.HikariDataSource-HikariPool-1 - Shutdown initiated...
14:22 com.zaxxer.hikari.HikariDataSource-HikariPool-1 - Shutdown completed.
14:43 com.beyond.board.BoardApplication-Starting BoardApplication using Java 11.0.22 on LAPTOP-B7AO1TEQ with PID 8576 (C:\Users\Playdata\Desktop\board\build\classes\java\main started by Playdata in C:\Users\Playdata\Desktop\board)
14:43 com.beyond.board.BoardApplication-The following 1 profile is active: "dev"
14:43 o.s.d.r.c.RepositoryConfigurationDelegate-Bootstrapping Spring Data JPA repositories in DEFAULT mode.
14:43 o.s.d.r.c.RepositoryConfigurationDelegate-Finished Spring Data repository scanning in 84 ms. Found 2 JPA repository interfaces.
14:43 o.s.b.w.e.tomcat.TomcatWebServer-Tomcat initialized with port(s): 8080 (http)
14:43 o.a.coyote.http11.Http11NioProtocol-Initializing ProtocolHandler ["http-nio-8080"]
14:43 o.a.catalina.core.StandardService-Starting service [Tomcat]
14:43 o.a.catalina.core.StandardEngine-Starting Servlet engine: [Apache Tomcat/9.0.74]
14:43 o.a.c.c.C.[Tomcat].[localhost].[/]-Initializing Spring embedded WebApplicationContext
14:43 o.s.b.w.s.c.ServletWebServerApplicationContext-Root WebApplicationContext: initialization completed in 1008 ms
14:43 com.zaxxer.hikari.HikariDataSource-HikariPool-1 - Starting...
14:43 com.zaxxer.hikari.HikariDataSource-HikariPool-1 - Start completed.
14:43 o.h.jpa.internal.util.LogHelper-HHH000204: Processing PersistenceUnitInfo [name: default]
14:43 org.hibernate.Version-HHH000412: Hibernate ORM core version 5.6.15.Final
14:43 o.h.annotations.common.Version-HCANN000001: Hibernate Commons Annotations {5.1.2.Final}
14:43 org.hibernate.dialect.Dialect-HHH000400: Using dialect: org.hibernate.dialect.MariaDBDialect
14:43 o.h.e.t.j.p.i.JtaPlatformInitiator-HHH000490: Using JtaPlatform implementation: [org.hibernate.engine.transaction.jta.platform.internal.NoJtaPlatform]
14:43 o.s.o.j.LocalContainerEntityManagerFactoryBean-Initialized JPA EntityManagerFactory for persistence unit 'default'
14:43 o.s.b.a.o.j.JpaBaseConfiguration$JpaWebConfiguration-spring.jpa.open-in-view is enabled by default. Therefore, database queries may be performed during view rendering. Explicitly configure spring.jpa.open-in-view to disable this warning
14:43 o.s.b.a.batch.JpaBatchConfigurer-JPA does not support custom isolation levels, so locks may not be taken when launching Jobs. To silence this warning, set 'spring.batch.jdbc.isolation-level-for-create' to 'default'.
14:43 o.s.b.c.r.s.JobRepositoryFactoryBean-No database type set, using meta data indicating: MYSQL
14:43 o.s.b.c.l.support.SimpleJobLauncher-No TaskExecutor has been set, defaulting to synchronous executor.
14:43 o.a.coyote.http11.Http11NioProtocol-Starting ProtocolHandler ["http-nio-8080"]
14:43 o.s.b.w.e.tomcat.TomcatWebServer-Tomcat started on port(s): 8080 (http) with context path ''
14:43 com.beyond.board.BoardApplication-Started BoardApplication in 2.888 seconds (JVM running for 3.672)
14:43 o.s.b.a.b.JobLauncherApplicationRunner-Running default command line with: []
14:43 o.s.b.c.l.support.SimpleJobLauncher-Job: [SimpleJob: [name=excuteJob]] launched with the following parameters: [{}]
14:43 o.s.batch.core.job.SimpleStepHandler-Step already complete or not restartable, so no action to execute: StepExecution: id=1, version=3, name=firstStep, status=COMPLETED, exitStatus=COMPLETED, readCount=0, filterCount=0, writeCount=0 readSkipCount=0, writeSkipCount=0, processSkipCount=0, commitCount=1, rollbackCount=0, exitDescription=
14:43 o.s.batch.core.job.SimpleStepHandler-Step already complete or not restartable, so no action to execute: StepExecution: id=2, version=3, name=secondStep, status=COMPLETED, exitStatus=COMPLETED, readCount=0, filterCount=0, writeCount=0 readSkipCount=0, writeSkipCount=0, processSkipCount=0, commitCount=1, rollbackCount=0, exitDescription=
14:43 o.s.b.c.l.support.SimpleJobLauncher-Job: [SimpleJob: [name=excuteJob]] completed with the following parameters: [{}] and the following status: [COMPLETED] in 13ms
14:43 o.a.c.c.C.[Tomcat].[localhost].[/]-Initializing Spring DispatcherServlet 'dispatcherServlet'
14:43 o.s.web.servlet.DispatcherServlet-Initializing Servlet 'dispatcherServlet'
14:43 o.s.web.servlet.DispatcherServlet-Completed initialization in 0 ms
14:44 c.b.b.a.controller.AuthorController-get 요청이고, parameter 는 2
14:44 c.b.b.a.controller.AuthorController-method명 : authorDetail
14:47 o.s.o.j.LocalContainerEntityManagerFactoryBean-Closing JPA EntityManagerFactory for persistence unit 'default'
14:47 com.zaxxer.hikari.HikariDataSource-HikariPool-1 - Shutdown initiated...
14:47 com.zaxxer.hikari.HikariDataSource-HikariPool-1 - Shutdown completed.
15:10 com.beyond.board.BoardApplication-Starting BoardApplication using Java 11.0.22 on LAPTOP-B7AO1TEQ with PID 3388 (C:\Users\Playdata\Desktop\board\build\classes\java\main started by Playdata in C:\Users\Playdata\Desktop\board)
15:10 com.beyond.board.BoardApplication-The following 1 profile is active: "dev"
15:10 o.s.d.r.c.RepositoryConfigurationDelegate-Bootstrapping Spring Data JPA repositories in DEFAULT mode.
15:10 o.s.d.r.c.RepositoryConfigurationDelegate-Finished Spring Data repository scanning in 71 ms. Found 2 JPA repository interfaces.
15:10 o.s.b.w.s.c.AnnotationConfigServletWebServerApplicationContext-Exception encountered during context initialization - cancelling refresh attempt: org.springframework.beans.factory.BeanCreationException: Error creating bean with name 'projectingArgumentResolverBeanPostProcessor' defined in class path resource [org/springframework/data/web/config/ProjectingArgumentResolverRegistrar.class]: BeanPostProcessor before instantiation of bean failed; nested exception is org.springframework.beans.factory.BeanCreationException: Error creating bean with name 'org.springframework.transaction.annotation.ProxyTransactionManagementConfiguration': Initialization of bean failed; nested exception is java.lang.IllegalArgumentException: error at ::0 formal unbound in pointcut 
15:10 o.s.b.a.l.ConditionEvaluationReportLoggingListener-

Error starting ApplicationContext. To display the conditions report re-run your application with 'debug' enabled.
15:10 o.s.boot.SpringApplication-Application run failed
org.springframework.beans.factory.BeanCreationException: Error creating bean with name 'projectingArgumentResolverBeanPostProcessor' defined in class path resource [org/springframework/data/web/config/ProjectingArgumentResolverRegistrar.class]: BeanPostProcessor before instantiation of bean failed; nested exception is org.springframework.beans.factory.BeanCreationException: Error creating bean with name 'org.springframework.transaction.annotation.ProxyTransactionManagementConfiguration': Initialization of bean failed; nested exception is java.lang.IllegalArgumentException: error at ::0 formal unbound in pointcut 
	at org.springframework.beans.factory.support.AbstractAutowireCapableBeanFactory.createBean(AbstractAutowireCapableBeanFactory.java:537)
	at org.springframework.beans.factory.support.AbstractBeanFactory.lambda$doGetBean$0(AbstractBeanFactory.java:335)
	at org.springframework.beans.factory.support.DefaultSingletonBeanRegistry.getSingleton(DefaultSingletonBeanRegistry.java:234)
	at org.springframework.beans.factory.support.AbstractBeanFactory.doGetBean(AbstractBeanFactory.java:333)
	at org.springframework.beans.factory.support.AbstractBeanFactory.getBean(AbstractBeanFactory.java:213)
	at org.springframework.context.support.PostProcessorRegistrationDelegate.registerBeanPostProcessors(PostProcessorRegistrationDelegate.java:270)
	at org.springframework.context.support.AbstractApplicationContext.registerBeanPostProcessors(AbstractApplicationContext.java:764)
	at org.springframework.context.support.AbstractApplicationContext.refresh(AbstractApplicationContext.java:567)
	at org.springframework.boot.web.servlet.context.ServletWebServerApplicationContext.refresh(ServletWebServerApplicationContext.java:147)
	at org.springframework.boot.SpringApplication.refresh(SpringApplication.java:731)
	at org.springframework.boot.SpringApplication.refreshContext(SpringApplication.java:408)
	at org.springframework.boot.SpringApplication.run(SpringApplication.java:307)
	at org.springframework.boot.SpringApplication.run(SpringApplication.java:1303)
	at org.springframework.boot.SpringApplication.run(SpringApplication.java:1292)
	at com.beyond.board.BoardApplication.main(BoardApplication.java:14)
Caused by: org.springframework.beans.factory.BeanCreationException: Error creating bean with name 'org.springframework.transaction.annotation.ProxyTransactionManagementConfiguration': Initialization of bean failed; nested exception is java.lang.IllegalArgumentException: error at ::0 formal unbound in pointcut 
	at org.springframework.beans.factory.support.AbstractAutowireCapableBeanFactory.doCreateBean(AbstractAutowireCapableBeanFactory.java:628)
	at org.springframework.beans.factory.support.AbstractAutowireCapableBeanFactory.createBean(AbstractAutowireCapableBeanFactory.java:542)
	at org.springframework.beans.factory.support.AbstractBeanFactory.lambda$doGetBean$0(AbstractBeanFactory.java:335)
	at org.springframework.beans.factory.support.DefaultSingletonBeanRegistry.getSingleton(DefaultSingletonBeanRegistry.java:234)
	at org.springframework.beans.factory.support.AbstractBeanFactory.doGetBean(AbstractBeanFactory.java:333)
	at org.springframework.beans.factory.support.AbstractBeanFactory.getBean(AbstractBeanFactory.java:208)
	at org.springframework.beans.factory.support.ConstructorResolver.instantiateUsingFactoryMethod(ConstructorResolver.java:410)
	at org.springframework.beans.factory.support.AbstractAutowireCapableBeanFactory.instantiateUsingFactoryMethod(AbstractAutowireCapableBeanFactory.java:1352)
	at org.springframework.beans.factory.support.AbstractAutowireCapableBeanFactory.createBeanInstance(AbstractAutowireCapableBeanFactory.java:1195)
	at org.springframework.beans.factory.support.AbstractAutowireCapableBeanFactory.doCreateBean(AbstractAutowireCapableBeanFactory.java:582)
	at org.springframework.beans.factory.support.AbstractAutowireCapableBeanFactory.createBean(AbstractAutowireCapableBeanFactory.java:542)
	at org.springframework.beans.factory.support.AbstractBeanFactory.lambda$doGetBean$0(AbstractBeanFactory.java:335)
	at org.springframework.beans.factory.support.DefaultSingletonBeanRegistry.getSingleton(DefaultSingletonBeanRegistry.java:234)
	at org.springframework.beans.factory.support.AbstractBeanFactory.doGetBean(AbstractBeanFactory.java:333)
	at org.springframework.beans.factory.support.AbstractBeanFactory.getBean(AbstractBeanFactory.java:213)
	at org.springframework.aop.framework.autoproxy.BeanFactoryAdvisorRetrievalHelper.findAdvisorBeans(BeanFactoryAdvisorRetrievalHelper.java:91)
	at org.springframework.aop.framework.autoproxy.AbstractAdvisorAutoProxyCreator.findCandidateAdvisors(AbstractAdvisorAutoProxyCreator.java:111)
	at org.springframework.aop.aspectj.annotation.AnnotationAwareAspectJAutoProxyCreator.findCandidateAdvisors(AnnotationAwareAspectJAutoProxyCreator.java:92)
	at org.springframework.aop.aspectj.autoproxy.AspectJAwareAdvisorAutoProxyCreator.shouldSkip(AspectJAwareAdvisorAutoProxyCreator.java:101)
	at org.springframework.aop.framework.autoproxy.AbstractAutoProxyCreator.postProcessBeforeInstantiation(AbstractAutoProxyCreator.java:255)
	at org.springframework.beans.factory.support.AbstractAutowireCapableBeanFactory.applyBeanPostProcessorsBeforeInstantiation(AbstractAutowireCapableBeanFactory.java:1160)
	at org.springframework.beans.factory.support.AbstractAutowireCapableBeanFactory.resolveBeforeInstantiation(AbstractAutowireCapableBeanFactory.java:1135)
	at org.springframework.beans.factory.support.AbstractAutowireCapableBeanFactory.createBean(AbstractAutowireCapableBeanFactory.java:531)
	... 14 common frames omitted
Caused by: java.lang.IllegalArgumentException: error at ::0 formal unbound in pointcut 
	at org.aspectj.weaver.tools.PointcutParser.parsePointcutExpression(PointcutParser.java:319)
	at org.springframework.aop.aspectj.AspectJExpressionPointcut.buildPointcutExpression(AspectJExpressionPointcut.java:227)
	at org.springframework.aop.aspectj.AspectJExpressionPointcut.obtainPointcutExpression(AspectJExpressionPointcut.java:198)
	at org.springframework.aop.aspectj.AspectJExpressionPointcut.getClassFilter(AspectJExpressionPointcut.java:177)
	at org.springframework.aop.support.AopUtils.canApply(AopUtils.java:226)
	at org.springframework.aop.support.AopUtils.canApply(AopUtils.java:289)
	at org.springframework.aop.support.AopUtils.findAdvisorsThatCanApply(AopUtils.java:321)
	at org.springframework.aop.framework.autoproxy.AbstractAdvisorAutoProxyCreator.findAdvisorsThatCanApply(AbstractAdvisorAutoProxyCreator.java:128)
	at org.springframework.aop.framework.autoproxy.AbstractAdvisorAutoProxyCreator.findEligibleAdvisors(AbstractAdvisorAutoProxyCreator.java:97)
	at org.springframework.aop.framework.autoproxy.AbstractAdvisorAutoProxyCreator.getAdvicesAndAdvisorsForBean(AbstractAdvisorAutoProxyCreator.java:78)
	at org.springframework.aop.framework.autoproxy.AbstractAutoProxyCreator.wrapIfNecessary(AbstractAutoProxyCreator.java:341)
	at org.springframework.aop.framework.autoproxy.AbstractAutoProxyCreator.postProcessAfterInitialization(AbstractAutoProxyCreator.java:293)
	at org.springframework.beans.factory.support.AbstractAutowireCapableBeanFactory.applyBeanPostProcessorsAfterInitialization(AbstractAutowireCapableBeanFactory.java:455)
	at org.springframework.beans.factory.support.AbstractAutowireCapableBeanFactory.initializeBean(AbstractAutowireCapableBeanFactory.java:1808)
	at org.springframework.beans.factory.support.AbstractAutowireCapableBeanFactory.doCreateBean(AbstractAutowireCapableBeanFactory.java:620)
	... 36 common frames omitted
15:13 com.beyond.board.BoardApplication-Starting BoardApplication using Java 11.0.22 on LAPTOP-B7AO1TEQ with PID 764 (C:\Users\Playdata\Desktop\board\build\classes\java\main started by Playdata in C:\Users\Playdata\Desktop\board)
15:13 com.beyond.board.BoardApplication-The following 1 profile is active: "dev"
15:13 o.s.d.r.c.RepositoryConfigurationDelegate-Bootstrapping Spring Data JPA repositories in DEFAULT mode.
15:13 o.s.d.r.c.RepositoryConfigurationDelegate-Finished Spring Data repository scanning in 65 ms. Found 2 JPA repository interfaces.
15:13 o.s.b.w.e.tomcat.TomcatWebServer-Tomcat initialized with port(s): 8080 (http)
15:13 o.a.coyote.http11.Http11NioProtocol-Initializing ProtocolHandler ["http-nio-8080"]
15:13 o.a.catalina.core.StandardService-Starting service [Tomcat]
15:13 o.a.catalina.core.StandardEngine-Starting Servlet engine: [Apache Tomcat/9.0.74]
15:13 o.a.c.c.C.[Tomcat].[localhost].[/]-Initializing Spring embedded WebApplicationContext
15:13 o.s.b.w.s.c.ServletWebServerApplicationContext-Root WebApplicationContext: initialization completed in 1158 ms
15:13 com.zaxxer.hikari.HikariDataSource-HikariPool-1 - Starting...
15:13 com.zaxxer.hikari.HikariDataSource-HikariPool-1 - Start completed.
15:13 o.h.jpa.internal.util.LogHelper-HHH000204: Processing PersistenceUnitInfo [name: default]
15:13 org.hibernate.Version-HHH000412: Hibernate ORM core version 5.6.15.Final
15:13 o.h.annotations.common.Version-HCANN000001: Hibernate Commons Annotations {5.1.2.Final}
15:13 org.hibernate.dialect.Dialect-HHH000400: Using dialect: org.hibernate.dialect.MariaDBDialect
15:13 o.h.e.t.j.p.i.JtaPlatformInitiator-HHH000490: Using JtaPlatform implementation: [org.hibernate.engine.transaction.jta.platform.internal.NoJtaPlatform]
15:13 o.s.o.j.LocalContainerEntityManagerFactoryBean-Initialized JPA EntityManagerFactory for persistence unit 'default'
15:13 o.s.b.a.o.j.JpaBaseConfiguration$JpaWebConfiguration-spring.jpa.open-in-view is enabled by default. Therefore, database queries may be performed during view rendering. Explicitly configure spring.jpa.open-in-view to disable this warning
15:13 o.s.b.a.batch.JpaBatchConfigurer-JPA does not support custom isolation levels, so locks may not be taken when launching Jobs. To silence this warning, set 'spring.batch.jdbc.isolation-level-for-create' to 'default'.
15:13 o.s.b.c.r.s.JobRepositoryFactoryBean-No database type set, using meta data indicating: MYSQL
15:13 o.s.b.c.l.support.SimpleJobLauncher-No TaskExecutor has been set, defaulting to synchronous executor.
15:13 o.a.coyote.http11.Http11NioProtocol-Starting ProtocolHandler ["http-nio-8080"]
15:13 o.s.b.w.e.tomcat.TomcatWebServer-Tomcat started on port(s): 8080 (http) with context path ''
15:13 com.beyond.board.BoardApplication-Started BoardApplication in 3.351 seconds (JVM running for 4.041)
15:13 o.s.b.a.b.JobLauncherApplicationRunner-Running default command line with: []
15:13 o.s.b.c.l.support.SimpleJobLauncher-Job: [SimpleJob: [name=excuteJob]] launched with the following parameters: [{}]
15:13 o.s.batch.core.job.SimpleStepHandler-Step already complete or not restartable, so no action to execute: StepExecution: id=1, version=3, name=firstStep, status=COMPLETED, exitStatus=COMPLETED, readCount=0, filterCount=0, writeCount=0 readSkipCount=0, writeSkipCount=0, processSkipCount=0, commitCount=1, rollbackCount=0, exitDescription=
15:13 o.s.batch.core.job.SimpleStepHandler-Step already complete or not restartable, so no action to execute: StepExecution: id=2, version=3, name=secondStep, status=COMPLETED, exitStatus=COMPLETED, readCount=0, filterCount=0, writeCount=0 readSkipCount=0, writeSkipCount=0, processSkipCount=0, commitCount=1, rollbackCount=0, exitDescription=
15:13 o.s.b.c.l.support.SimpleJobLauncher-Job: [SimpleJob: [name=excuteJob]] completed with the following parameters: [{}] and the following status: [COMPLETED] in 11ms
15:14 o.a.c.c.C.[Tomcat].[localhost].[/]-Initializing Spring DispatcherServlet 'dispatcherServlet'
15:14 o.s.web.servlet.DispatcherServlet-Initializing Servlet 'dispatcherServlet'
15:14 o.s.web.servlet.DispatcherServlet-Completed initialization in 0 ms
15:14 c.beyond.board.common.AopLogService-aop start
15:14 c.beyond.board.common.AopLogService-aop end
15:27 o.s.o.j.LocalContainerEntityManagerFactoryBean-Closing JPA EntityManagerFactory for persistence unit 'default'
15:27 com.zaxxer.hikari.HikariDataSource-HikariPool-1 - Shutdown initiated...
15:27 com.zaxxer.hikari.HikariDataSource-HikariPool-1 - Shutdown completed.
15:27 com.beyond.board.BoardApplication-Starting BoardApplication using Java 11.0.22 on LAPTOP-B7AO1TEQ with PID 17624 (C:\Users\Playdata\Desktop\board\build\classes\java\main started by Playdata in C:\Users\Playdata\Desktop\board)
15:27 com.beyond.board.BoardApplication-The following 1 profile is active: "dev"
15:27 o.s.d.r.c.RepositoryConfigurationDelegate-Bootstrapping Spring Data JPA repositories in DEFAULT mode.
15:27 o.s.d.r.c.RepositoryConfigurationDelegate-Finished Spring Data repository scanning in 61 ms. Found 2 JPA repository interfaces.
15:27 o.s.b.w.e.tomcat.TomcatWebServer-Tomcat initialized with port(s): 8080 (http)
15:27 o.a.coyote.http11.Http11NioProtocol-Initializing ProtocolHandler ["http-nio-8080"]
15:27 o.a.catalina.core.StandardService-Starting service [Tomcat]
15:27 o.a.catalina.core.StandardEngine-Starting Servlet engine: [Apache Tomcat/9.0.74]
15:27 o.a.c.c.C.[Tomcat].[localhost].[/]-Initializing Spring embedded WebApplicationContext
15:27 o.s.b.w.s.c.ServletWebServerApplicationContext-Root WebApplicationContext: initialization completed in 1112 ms
15:27 com.zaxxer.hikari.HikariDataSource-HikariPool-1 - Starting...
15:27 com.zaxxer.hikari.HikariDataSource-HikariPool-1 - Start completed.
15:27 o.h.jpa.internal.util.LogHelper-HHH000204: Processing PersistenceUnitInfo [name: default]
15:27 org.hibernate.Version-HHH000412: Hibernate ORM core version 5.6.15.Final
15:27 o.h.annotations.common.Version-HCANN000001: Hibernate Commons Annotations {5.1.2.Final}
15:27 org.hibernate.dialect.Dialect-HHH000400: Using dialect: org.hibernate.dialect.MariaDBDialect
15:27 o.h.e.t.j.p.i.JtaPlatformInitiator-HHH000490: Using JtaPlatform implementation: [org.hibernate.engine.transaction.jta.platform.internal.NoJtaPlatform]
15:27 o.s.o.j.LocalContainerEntityManagerFactoryBean-Initialized JPA EntityManagerFactory for persistence unit 'default'
15:27 o.s.b.a.o.j.JpaBaseConfiguration$JpaWebConfiguration-spring.jpa.open-in-view is enabled by default. Therefore, database queries may be performed during view rendering. Explicitly configure spring.jpa.open-in-view to disable this warning
15:27 o.s.b.a.batch.JpaBatchConfigurer-JPA does not support custom isolation levels, so locks may not be taken when launching Jobs. To silence this warning, set 'spring.batch.jdbc.isolation-level-for-create' to 'default'.
15:27 o.s.b.c.r.s.JobRepositoryFactoryBean-No database type set, using meta data indicating: MYSQL
15:27 o.s.b.c.l.support.SimpleJobLauncher-No TaskExecutor has been set, defaulting to synchronous executor.
15:27 o.a.coyote.http11.Http11NioProtocol-Starting ProtocolHandler ["http-nio-8080"]
15:27 o.s.b.w.e.tomcat.TomcatWebServer-Tomcat started on port(s): 8080 (http) with context path ''
15:27 com.beyond.board.BoardApplication-Started BoardApplication in 3.292 seconds (JVM running for 4.062)
15:27 o.s.b.a.b.JobLauncherApplicationRunner-Running default command line with: []
15:27 o.s.b.c.l.support.SimpleJobLauncher-Job: [SimpleJob: [name=excuteJob]] launched with the following parameters: [{}]
15:27 o.s.batch.core.job.SimpleStepHandler-Step already complete or not restartable, so no action to execute: StepExecution: id=1, version=3, name=firstStep, status=COMPLETED, exitStatus=COMPLETED, readCount=0, filterCount=0, writeCount=0 readSkipCount=0, writeSkipCount=0, processSkipCount=0, commitCount=1, rollbackCount=0, exitDescription=
15:27 o.s.batch.core.job.SimpleStepHandler-Step already complete or not restartable, so no action to execute: StepExecution: id=2, version=3, name=secondStep, status=COMPLETED, exitStatus=COMPLETED, readCount=0, filterCount=0, writeCount=0 readSkipCount=0, writeSkipCount=0, processSkipCount=0, commitCount=1, rollbackCount=0, exitDescription=
15:27 o.s.b.c.l.support.SimpleJobLauncher-Job: [SimpleJob: [name=excuteJob]] completed with the following parameters: [{}] and the following status: [COMPLETED] in 11ms
15:27 o.a.c.c.C.[Tomcat].[localhost].[/]-Initializing Spring DispatcherServlet 'dispatcherServlet'
15:27 o.s.web.servlet.DispatcherServlet-Initializing Servlet 'dispatcherServlet'
15:27 o.s.web.servlet.DispatcherServlet-Completed initialization in 1 ms
15:27 c.beyond.board.common.AopLogService-aop start
15:27 c.beyond.board.common.AopLogService-Method 명 : postList
15:27 c.beyond.board.common.AopLogService-HTTP 메서드GET
15:27 c.beyond.board.common.AopLogService-aop end
15:27 c.beyond.board.common.AopLogService-aop start
15:27 c.beyond.board.common.AopLogService-Method 명 : authorList
15:27 c.beyond.board.common.AopLogService-HTTP 메서드GET
15:27 c.beyond.board.common.AopLogService-aop end
15:27 c.beyond.board.common.AopLogService-aop start
15:27 c.beyond.board.common.AopLogService-Method 명 : authorCreateScreen
15:27 c.beyond.board.common.AopLogService-HTTP 메서드GET
15:27 c.beyond.board.common.AopLogService-aop end
15:27 c.beyond.board.common.AopLogService-aop start
15:27 c.beyond.board.common.AopLogService-Method 명 : authorCreatePost
15:27 c.beyond.board.common.AopLogService-HTTP 메서드POST
15:27 c.beyond.board.common.AopLogService-aop end
15:27 c.beyond.board.common.AopLogService-aop start
15:27 c.beyond.board.common.AopLogService-Method 명 : home
15:27 c.beyond.board.common.AopLogService-HTTP 메서드GET
15:27 c.beyond.board.common.AopLogService-aop end
15:27 c.beyond.board.common.AopLogService-aop start
15:27 c.beyond.board.common.AopLogService-Method 명 : postList
15:27 c.beyond.board.common.AopLogService-HTTP 메서드GET
15:27 c.beyond.board.common.AopLogService-aop end
15:28 c.beyond.board.common.AopLogService-aop start
15:28 c.beyond.board.common.AopLogService-Method 명 : postCreateScreen
15:28 c.beyond.board.common.AopLogService-HTTP 메서드GET
15:28 c.beyond.board.common.AopLogService-aop end
15:28 c.beyond.board.common.AopLogService-aop start
15:28 c.beyond.board.common.AopLogService-Method 명 : postList
15:28 c.beyond.board.common.AopLogService-HTTP 메서드GET
15:28 c.beyond.board.common.AopLogService-aop end
15:28 c.beyond.board.common.AopLogService-aop start
15:28 c.beyond.board.common.AopLogService-Method 명 : postList
15:28 c.beyond.board.common.AopLogService-HTTP 메서드GET
15:28 c.beyond.board.common.AopLogService-aop end
15:28 c.beyond.board.common.AopLogService-aop start
15:28 c.beyond.board.common.AopLogService-Method 명 : home
15:28 c.beyond.board.common.AopLogService-HTTP 메서드GET
15:28 c.beyond.board.common.AopLogService-aop end
15:34 o.s.o.j.LocalContainerEntityManagerFactoryBean-Closing JPA EntityManagerFactory for persistence unit 'default'
15:34 com.zaxxer.hikari.HikariDataSource-HikariPool-1 - Shutdown initiated...
15:34 com.zaxxer.hikari.HikariDataSource-HikariPool-1 - Shutdown completed.
15:34 com.beyond.board.BoardApplication-Starting BoardApplication using Java 11.0.22 on LAPTOP-B7AO1TEQ with PID 12184 (C:\Users\Playdata\Desktop\board\build\classes\java\main started by Playdata in C:\Users\Playdata\Desktop\board)
15:34 com.beyond.board.BoardApplication-The following 1 profile is active: "dev"
15:34 o.s.d.r.c.RepositoryConfigurationDelegate-Bootstrapping Spring Data JPA repositories in DEFAULT mode.
15:34 o.s.d.r.c.RepositoryConfigurationDelegate-Finished Spring Data repository scanning in 98 ms. Found 2 JPA repository interfaces.
15:34 o.s.b.w.e.tomcat.TomcatWebServer-Tomcat initialized with port(s): 8080 (http)
15:34 o.a.coyote.http11.Http11NioProtocol-Initializing ProtocolHandler ["http-nio-8080"]
15:34 o.a.catalina.core.StandardService-Starting service [Tomcat]
15:34 o.a.catalina.core.StandardEngine-Starting Servlet engine: [Apache Tomcat/9.0.74]
15:34 o.a.c.c.C.[Tomcat].[localhost].[/]-Initializing Spring embedded WebApplicationContext
15:34 o.s.b.w.s.c.ServletWebServerApplicationContext-Root WebApplicationContext: initialization completed in 1232 ms
15:34 com.zaxxer.hikari.HikariDataSource-HikariPool-1 - Starting...
15:34 com.zaxxer.hikari.HikariDataSource-HikariPool-1 - Start completed.
15:34 o.h.jpa.internal.util.LogHelper-HHH000204: Processing PersistenceUnitInfo [name: default]
15:34 org.hibernate.Version-HHH000412: Hibernate ORM core version 5.6.15.Final
15:34 o.h.annotations.common.Version-HCANN000001: Hibernate Commons Annotations {5.1.2.Final}
15:34 org.hibernate.dialect.Dialect-HHH000400: Using dialect: org.hibernate.dialect.MariaDBDialect
15:34 o.h.e.t.j.p.i.JtaPlatformInitiator-HHH000490: Using JtaPlatform implementation: [org.hibernate.engine.transaction.jta.platform.internal.NoJtaPlatform]
15:34 o.s.o.j.LocalContainerEntityManagerFactoryBean-Initialized JPA EntityManagerFactory for persistence unit 'default'
15:34 o.s.b.a.o.j.JpaBaseConfiguration$JpaWebConfiguration-spring.jpa.open-in-view is enabled by default. Therefore, database queries may be performed during view rendering. Explicitly configure spring.jpa.open-in-view to disable this warning
15:34 o.s.b.a.batch.JpaBatchConfigurer-JPA does not support custom isolation levels, so locks may not be taken when launching Jobs. To silence this warning, set 'spring.batch.jdbc.isolation-level-for-create' to 'default'.
15:34 o.s.b.c.r.s.JobRepositoryFactoryBean-No database type set, using meta data indicating: MYSQL
15:34 o.s.b.c.l.support.SimpleJobLauncher-No TaskExecutor has been set, defaulting to synchronous executor.
15:34 o.a.coyote.http11.Http11NioProtocol-Starting ProtocolHandler ["http-nio-8080"]
15:34 o.s.b.w.e.tomcat.TomcatWebServer-Tomcat started on port(s): 8080 (http) with context path ''
15:34 com.beyond.board.BoardApplication-Started BoardApplication in 3.503 seconds (JVM running for 4.26)
15:34 o.s.b.a.b.JobLauncherApplicationRunner-Running default command line with: []
15:34 o.s.b.c.l.support.SimpleJobLauncher-Job: [SimpleJob: [name=excuteJob]] launched with the following parameters: [{}]
15:34 o.s.batch.core.job.SimpleStepHandler-Step already complete or not restartable, so no action to execute: StepExecution: id=1, version=3, name=firstStep, status=COMPLETED, exitStatus=COMPLETED, readCount=0, filterCount=0, writeCount=0 readSkipCount=0, writeSkipCount=0, processSkipCount=0, commitCount=1, rollbackCount=0, exitDescription=
15:34 o.s.batch.core.job.SimpleStepHandler-Step already complete or not restartable, so no action to execute: StepExecution: id=2, version=3, name=secondStep, status=COMPLETED, exitStatus=COMPLETED, readCount=0, filterCount=0, writeCount=0 readSkipCount=0, writeSkipCount=0, processSkipCount=0, commitCount=1, rollbackCount=0, exitDescription=
15:34 o.s.b.c.l.support.SimpleJobLauncher-Job: [SimpleJob: [name=excuteJob]] completed with the following parameters: [{}] and the following status: [COMPLETED] in 14ms
15:34 o.a.c.c.C.[Tomcat].[localhost].[/]-Initializing Spring DispatcherServlet 'dispatcherServlet'
15:34 o.s.web.servlet.DispatcherServlet-Initializing Servlet 'dispatcherServlet'
15:34 o.s.web.servlet.DispatcherServlet-Completed initialization in 1 ms
15:34 c.beyond.board.common.AopLogService-aop start
15:34 c.beyond.board.common.AopLogService-Method 명 : postList
15:34 c.beyond.board.common.AopLogService-HTTP 메서드GET
15:34 c.beyond.board.common.AopLogService-aop end
15:34 c.beyond.board.common.AopLogService-aop start
15:34 c.beyond.board.common.AopLogService-Method 명 : authorList
15:34 c.beyond.board.common.AopLogService-HTTP 메서드GET
15:34 c.beyond.board.common.AopLogService-aop end
15:34 c.beyond.board.common.AopLogService-aop start
15:34 c.beyond.board.common.AopLogService-Method 명 : authorCreateScreen
15:34 c.beyond.board.common.AopLogService-HTTP 메서드GET
15:34 c.beyond.board.common.AopLogService-aop end
15:34 c.beyond.board.common.AopLogService-aop start
15:34 c.beyond.board.common.AopLogService-Method 명 : postList
15:34 c.beyond.board.common.AopLogService-HTTP 메서드GET
15:34 c.beyond.board.common.AopLogService-aop end
15:34 c.beyond.board.common.AopLogService-aop start
15:34 c.beyond.board.common.AopLogService-Method 명 : postDetail
15:34 c.beyond.board.common.AopLogService-HTTP 메서드GET
15:34 c.beyond.board.common.AopLogService-aop end
15:39 o.s.o.j.LocalContainerEntityManagerFactoryBean-Closing JPA EntityManagerFactory for persistence unit 'default'
15:39 com.zaxxer.hikari.HikariDataSource-HikariPool-1 - Shutdown initiated...
15:39 com.zaxxer.hikari.HikariDataSource-HikariPool-1 - Shutdown completed.
15:43 com.beyond.board.BoardApplication-Starting BoardApplication using Java 11.0.22 on LAPTOP-B7AO1TEQ with PID 9744 (C:\Users\Playdata\Desktop\board\build\classes\java\main started by Playdata in C:\Users\Playdata\Desktop\board)
15:43 com.beyond.board.BoardApplication-The following 1 profile is active: "dev"
15:43 o.s.d.r.c.RepositoryConfigurationDelegate-Bootstrapping Spring Data JPA repositories in DEFAULT mode.
15:43 o.s.d.r.c.RepositoryConfigurationDelegate-Finished Spring Data repository scanning in 81 ms. Found 2 JPA repository interfaces.
15:43 o.s.b.w.e.tomcat.TomcatWebServer-Tomcat initialized with port(s): 8080 (http)
15:43 o.a.coyote.http11.Http11NioProtocol-Initializing ProtocolHandler ["http-nio-8080"]
15:43 o.a.catalina.core.StandardService-Starting service [Tomcat]
15:43 o.a.catalina.core.StandardEngine-Starting Servlet engine: [Apache Tomcat/9.0.74]
15:43 o.a.c.c.C.[Tomcat].[localhost].[/]-Initializing Spring embedded WebApplicationContext
15:43 o.s.b.w.s.c.ServletWebServerApplicationContext-Root WebApplicationContext: initialization completed in 1111 ms
15:43 com.zaxxer.hikari.HikariDataSource-HikariPool-1 - Starting...
15:43 com.zaxxer.hikari.HikariDataSource-HikariPool-1 - Start completed.
15:43 o.h.jpa.internal.util.LogHelper-HHH000204: Processing PersistenceUnitInfo [name: default]
15:43 org.hibernate.Version-HHH000412: Hibernate ORM core version 5.6.15.Final
15:43 o.h.annotations.common.Version-HCANN000001: Hibernate Commons Annotations {5.1.2.Final}
15:43 org.hibernate.dialect.Dialect-HHH000400: Using dialect: org.hibernate.dialect.MariaDBDialect
15:43 o.h.e.t.j.p.i.JtaPlatformInitiator-HHH000490: Using JtaPlatform implementation: [org.hibernate.engine.transaction.jta.platform.internal.NoJtaPlatform]
15:43 o.s.o.j.LocalContainerEntityManagerFactoryBean-Initialized JPA EntityManagerFactory for persistence unit 'default'
15:43 o.s.b.a.o.j.JpaBaseConfiguration$JpaWebConfiguration-spring.jpa.open-in-view is enabled by default. Therefore, database queries may be performed during view rendering. Explicitly configure spring.jpa.open-in-view to disable this warning
15:43 o.s.b.a.batch.JpaBatchConfigurer-JPA does not support custom isolation levels, so locks may not be taken when launching Jobs. To silence this warning, set 'spring.batch.jdbc.isolation-level-for-create' to 'default'.
15:43 o.s.b.c.r.s.JobRepositoryFactoryBean-No database type set, using meta data indicating: MYSQL
15:43 o.s.b.c.l.support.SimpleJobLauncher-No TaskExecutor has been set, defaulting to synchronous executor.
15:43 o.a.coyote.http11.Http11NioProtocol-Starting ProtocolHandler ["http-nio-8080"]
15:43 o.s.b.w.e.tomcat.TomcatWebServer-Tomcat started on port(s): 8080 (http) with context path ''
15:43 com.beyond.board.BoardApplication-Started BoardApplication in 3.237 seconds (JVM running for 3.992)
15:43 o.s.b.a.b.JobLauncherApplicationRunner-Running default command line with: []
15:43 o.s.b.c.l.support.SimpleJobLauncher-Job: [SimpleJob: [name=excuteJob]] launched with the following parameters: [{}]
15:43 o.s.batch.core.job.SimpleStepHandler-Step already complete or not restartable, so no action to execute: StepExecution: id=1, version=3, name=firstStep, status=COMPLETED, exitStatus=COMPLETED, readCount=0, filterCount=0, writeCount=0 readSkipCount=0, writeSkipCount=0, processSkipCount=0, commitCount=1, rollbackCount=0, exitDescription=
15:43 o.s.batch.core.job.SimpleStepHandler-Step already complete or not restartable, so no action to execute: StepExecution: id=2, version=3, name=secondStep, status=COMPLETED, exitStatus=COMPLETED, readCount=0, filterCount=0, writeCount=0 readSkipCount=0, writeSkipCount=0, processSkipCount=0, commitCount=1, rollbackCount=0, exitDescription=
15:43 o.s.b.c.l.support.SimpleJobLauncher-Job: [SimpleJob: [name=excuteJob]] completed with the following parameters: [{}] and the following status: [COMPLETED] in 11ms
15:43 o.a.c.c.C.[Tomcat].[localhost].[/]-Initializing Spring DispatcherServlet 'dispatcherServlet'
15:43 o.s.web.servlet.DispatcherServlet-Initializing Servlet 'dispatcherServlet'
15:43 o.s.web.servlet.DispatcherServlet-Completed initialization in 0 ms
15:43 c.beyond.board.common.AopLogService-aop start
15:43 c.beyond.board.common.AopLogService-Method 명 : postList
15:43 c.beyond.board.common.AopLogService-HTTP 메서드GET
15:43 c.beyond.board.common.AopLogService-user inputs : org.apache.catalina.util.ParameterMap@2142be44
15:43 c.beyond.board.common.AopLogService-aop end
15:43 o.s.o.j.LocalContainerEntityManagerFactoryBean-Closing JPA EntityManagerFactory for persistence unit 'default'
15:43 com.zaxxer.hikari.HikariDataSource-HikariPool-1 - Shutdown initiated...
15:43 com.zaxxer.hikari.HikariDataSource-HikariPool-1 - Shutdown completed.
15:44 com.beyond.board.BoardApplication-Starting BoardApplication using Java 11.0.22 on LAPTOP-B7AO1TEQ with PID 4492 (C:\Users\Playdata\Desktop\board\build\classes\java\main started by Playdata in C:\Users\Playdata\Desktop\board)
15:44 com.beyond.board.BoardApplication-The following 1 profile is active: "dev"
15:44 o.s.d.r.c.RepositoryConfigurationDelegate-Bootstrapping Spring Data JPA repositories in DEFAULT mode.
15:44 o.s.d.r.c.RepositoryConfigurationDelegate-Finished Spring Data repository scanning in 67 ms. Found 2 JPA repository interfaces.
15:44 o.s.b.w.e.tomcat.TomcatWebServer-Tomcat initialized with port(s): 8080 (http)
15:44 o.a.coyote.http11.Http11NioProtocol-Initializing ProtocolHandler ["http-nio-8080"]
15:44 o.a.catalina.core.StandardService-Starting service [Tomcat]
15:44 o.a.catalina.core.StandardEngine-Starting Servlet engine: [Apache Tomcat/9.0.74]
15:44 o.a.c.c.C.[Tomcat].[localhost].[/]-Initializing Spring embedded WebApplicationContext
15:44 o.s.b.w.s.c.ServletWebServerApplicationContext-Root WebApplicationContext: initialization completed in 1121 ms
15:44 com.zaxxer.hikari.HikariDataSource-HikariPool-1 - Starting...
15:44 com.zaxxer.hikari.HikariDataSource-HikariPool-1 - Start completed.
15:44 o.h.jpa.internal.util.LogHelper-HHH000204: Processing PersistenceUnitInfo [name: default]
15:44 org.hibernate.Version-HHH000412: Hibernate ORM core version 5.6.15.Final
15:44 o.h.annotations.common.Version-HCANN000001: Hibernate Commons Annotations {5.1.2.Final}
15:44 org.hibernate.dialect.Dialect-HHH000400: Using dialect: org.hibernate.dialect.MariaDBDialect
15:44 o.h.e.t.j.p.i.JtaPlatformInitiator-HHH000490: Using JtaPlatform implementation: [org.hibernate.engine.transaction.jta.platform.internal.NoJtaPlatform]
15:44 o.s.o.j.LocalContainerEntityManagerFactoryBean-Initialized JPA EntityManagerFactory for persistence unit 'default'
15:44 o.s.b.a.o.j.JpaBaseConfiguration$JpaWebConfiguration-spring.jpa.open-in-view is enabled by default. Therefore, database queries may be performed during view rendering. Explicitly configure spring.jpa.open-in-view to disable this warning
15:44 o.s.b.a.batch.JpaBatchConfigurer-JPA does not support custom isolation levels, so locks may not be taken when launching Jobs. To silence this warning, set 'spring.batch.jdbc.isolation-level-for-create' to 'default'.
15:44 o.s.b.c.r.s.JobRepositoryFactoryBean-No database type set, using meta data indicating: MYSQL
15:44 o.s.b.c.l.support.SimpleJobLauncher-No TaskExecutor has been set, defaulting to synchronous executor.
15:44 o.a.coyote.http11.Http11NioProtocol-Starting ProtocolHandler ["http-nio-8080"]
15:44 o.s.b.w.e.tomcat.TomcatWebServer-Tomcat started on port(s): 8080 (http) with context path ''
15:44 com.beyond.board.BoardApplication-Started BoardApplication in 3.225 seconds (JVM running for 3.945)
15:44 o.s.b.a.b.JobLauncherApplicationRunner-Running default command line with: []
15:44 o.s.b.c.l.support.SimpleJobLauncher-Job: [SimpleJob: [name=excuteJob]] launched with the following parameters: [{}]
15:44 o.s.batch.core.job.SimpleStepHandler-Step already complete or not restartable, so no action to execute: StepExecution: id=1, version=3, name=firstStep, status=COMPLETED, exitStatus=COMPLETED, readCount=0, filterCount=0, writeCount=0 readSkipCount=0, writeSkipCount=0, processSkipCount=0, commitCount=1, rollbackCount=0, exitDescription=
15:44 o.s.batch.core.job.SimpleStepHandler-Step already complete or not restartable, so no action to execute: StepExecution: id=2, version=3, name=secondStep, status=COMPLETED, exitStatus=COMPLETED, readCount=0, filterCount=0, writeCount=0 readSkipCount=0, writeSkipCount=0, processSkipCount=0, commitCount=1, rollbackCount=0, exitDescription=
15:44 o.s.b.c.l.support.SimpleJobLauncher-Job: [SimpleJob: [name=excuteJob]] completed with the following parameters: [{}] and the following status: [COMPLETED] in 11ms
15:44 o.a.c.c.C.[Tomcat].[localhost].[/]-Initializing Spring DispatcherServlet 'dispatcherServlet'
15:44 o.s.web.servlet.DispatcherServlet-Initializing Servlet 'dispatcherServlet'
15:44 o.s.web.servlet.DispatcherServlet-Completed initialization in 1 ms
15:44 c.beyond.board.common.AopLogService-aop start
15:44 c.beyond.board.common.AopLogService-Method 명 : authorList
15:44 c.beyond.board.common.AopLogService-HTTP 메서드GET
15:44 c.beyond.board.common.AopLogService-user inputs : {}
15:44 c.beyond.board.common.AopLogService-aop end
15:44 c.beyond.board.common.AopLogService-aop start
15:44 c.beyond.board.common.AopLogService-Method 명 : authorList
15:44 c.beyond.board.common.AopLogService-HTTP 메서드GET
15:44 c.beyond.board.common.AopLogService-user inputs : {}
15:44 c.beyond.board.common.AopLogService-aop end
15:44 c.beyond.board.common.AopLogService-aop start
15:44 c.beyond.board.common.AopLogService-Method 명 : authorDetail
15:44 c.beyond.board.common.AopLogService-HTTP 메서드GET
15:44 c.beyond.board.common.AopLogService-user inputs : {}
15:44 c.beyond.board.common.AopLogService-aop end
15:45 o.s.o.j.LocalContainerEntityManagerFactoryBean-Closing JPA EntityManagerFactory for persistence unit 'default'
15:45 com.zaxxer.hikari.HikariDataSource-HikariPool-1 - Shutdown initiated...
15:45 com.zaxxer.hikari.HikariDataSource-HikariPool-1 - Shutdown completed.
15:45 com.beyond.board.BoardApplication-Starting BoardApplication using Java 11.0.22 on LAPTOP-B7AO1TEQ with PID 5680 (C:\Users\Playdata\Desktop\board\build\classes\java\main started by Playdata in C:\Users\Playdata\Desktop\board)
15:45 com.beyond.board.BoardApplication-The following 1 profile is active: "dev"
15:45 o.s.d.r.c.RepositoryConfigurationDelegate-Bootstrapping Spring Data JPA repositories in DEFAULT mode.
15:45 o.s.d.r.c.RepositoryConfigurationDelegate-Finished Spring Data repository scanning in 66 ms. Found 2 JPA repository interfaces.
15:45 o.s.b.w.e.tomcat.TomcatWebServer-Tomcat initialized with port(s): 8080 (http)
15:45 o.a.coyote.http11.Http11NioProtocol-Initializing ProtocolHandler ["http-nio-8080"]
15:45 o.a.catalina.core.StandardService-Starting service [Tomcat]
15:45 o.a.catalina.core.StandardEngine-Starting Servlet engine: [Apache Tomcat/9.0.74]
15:45 o.a.c.c.C.[Tomcat].[localhost].[/]-Initializing Spring embedded WebApplicationContext
15:45 o.s.b.w.s.c.ServletWebServerApplicationContext-Root WebApplicationContext: initialization completed in 1066 ms
15:45 com.zaxxer.hikari.HikariDataSource-HikariPool-1 - Starting...
15:45 com.zaxxer.hikari.HikariDataSource-HikariPool-1 - Start completed.
15:45 o.h.jpa.internal.util.LogHelper-HHH000204: Processing PersistenceUnitInfo [name: default]
15:45 org.hibernate.Version-HHH000412: Hibernate ORM core version 5.6.15.Final
15:45 o.h.annotations.common.Version-HCANN000001: Hibernate Commons Annotations {5.1.2.Final}
15:45 org.hibernate.dialect.Dialect-HHH000400: Using dialect: org.hibernate.dialect.MariaDBDialect
15:45 o.h.e.t.j.p.i.JtaPlatformInitiator-HHH000490: Using JtaPlatform implementation: [org.hibernate.engine.transaction.jta.platform.internal.NoJtaPlatform]
15:45 o.s.o.j.LocalContainerEntityManagerFactoryBean-Initialized JPA EntityManagerFactory for persistence unit 'default'
15:45 o.s.b.a.o.j.JpaBaseConfiguration$JpaWebConfiguration-spring.jpa.open-in-view is enabled by default. Therefore, database queries may be performed during view rendering. Explicitly configure spring.jpa.open-in-view to disable this warning
15:45 o.s.b.a.batch.JpaBatchConfigurer-JPA does not support custom isolation levels, so locks may not be taken when launching Jobs. To silence this warning, set 'spring.batch.jdbc.isolation-level-for-create' to 'default'.
15:45 o.s.b.c.r.s.JobRepositoryFactoryBean-No database type set, using meta data indicating: MYSQL
15:45 o.s.b.c.l.support.SimpleJobLauncher-No TaskExecutor has been set, defaulting to synchronous executor.
15:45 o.a.coyote.http11.Http11NioProtocol-Starting ProtocolHandler ["http-nio-8080"]
15:45 o.s.b.w.e.tomcat.TomcatWebServer-Tomcat started on port(s): 8080 (http) with context path ''
15:45 com.beyond.board.BoardApplication-Started BoardApplication in 3.167 seconds (JVM running for 3.892)
15:45 o.s.b.a.b.JobLauncherApplicationRunner-Running default command line with: []
15:45 o.s.b.c.l.support.SimpleJobLauncher-Job: [SimpleJob: [name=excuteJob]] launched with the following parameters: [{}]
15:45 o.s.batch.core.job.SimpleStepHandler-Step already complete or not restartable, so no action to execute: StepExecution: id=1, version=3, name=firstStep, status=COMPLETED, exitStatus=COMPLETED, readCount=0, filterCount=0, writeCount=0 readSkipCount=0, writeSkipCount=0, processSkipCount=0, commitCount=1, rollbackCount=0, exitDescription=
15:45 o.s.batch.core.job.SimpleStepHandler-Step already complete or not restartable, so no action to execute: StepExecution: id=2, version=3, name=secondStep, status=COMPLETED, exitStatus=COMPLETED, readCount=0, filterCount=0, writeCount=0 readSkipCount=0, writeSkipCount=0, processSkipCount=0, commitCount=1, rollbackCount=0, exitDescription=
15:45 o.s.b.c.l.support.SimpleJobLauncher-Job: [SimpleJob: [name=excuteJob]] completed with the following parameters: [{}] and the following status: [COMPLETED] in 16ms
15:45 o.a.c.c.C.[Tomcat].[localhost].[/]-Initializing Spring DispatcherServlet 'dispatcherServlet'
15:45 o.s.web.servlet.DispatcherServlet-Initializing Servlet 'dispatcherServlet'
15:45 o.s.web.servlet.DispatcherServlet-Completed initialization in 0 ms
15:45 c.beyond.board.common.AopLogService-aop start
15:45 c.beyond.board.common.AopLogService-Method 명 : authorDetail
15:45 c.beyond.board.common.AopLogService-HTTP 메서드GET
15:45 c.beyond.board.common.AopLogService-user inputs : {}
15:45 c.beyond.board.common.AopLogService-aop end
15:45 o.s.o.j.LocalContainerEntityManagerFactoryBean-Closing JPA EntityManagerFactory for persistence unit 'default'
15:45 com.zaxxer.hikari.HikariDataSource-HikariPool-1 - Shutdown initiated...
15:45 com.zaxxer.hikari.HikariDataSource-HikariPool-1 - Shutdown completed.
15:45 com.beyond.board.BoardApplication-Starting BoardApplication using Java 11.0.22 on LAPTOP-B7AO1TEQ with PID 13148 (C:\Users\Playdata\Desktop\board\build\classes\java\main started by Playdata in C:\Users\Playdata\Desktop\board)
15:45 com.beyond.board.BoardApplication-The following 1 profile is active: "dev"
15:45 o.s.d.r.c.RepositoryConfigurationDelegate-Bootstrapping Spring Data JPA repositories in DEFAULT mode.
15:45 o.s.d.r.c.RepositoryConfigurationDelegate-Finished Spring Data repository scanning in 85 ms. Found 2 JPA repository interfaces.
15:45 o.s.b.w.e.tomcat.TomcatWebServer-Tomcat initialized with port(s): 8080 (http)
15:45 o.a.coyote.http11.Http11NioProtocol-Initializing ProtocolHandler ["http-nio-8080"]
15:45 o.a.catalina.core.StandardService-Starting service [Tomcat]
15:45 o.a.catalina.core.StandardEngine-Starting Servlet engine: [Apache Tomcat/9.0.74]
15:45 o.a.c.c.C.[Tomcat].[localhost].[/]-Initializing Spring embedded WebApplicationContext
15:45 o.s.b.w.s.c.ServletWebServerApplicationContext-Root WebApplicationContext: initialization completed in 1122 ms
15:45 com.zaxxer.hikari.HikariDataSource-HikariPool-1 - Starting...
15:45 com.zaxxer.hikari.HikariDataSource-HikariPool-1 - Start completed.
15:45 o.h.jpa.internal.util.LogHelper-HHH000204: Processing PersistenceUnitInfo [name: default]
15:45 org.hibernate.Version-HHH000412: Hibernate ORM core version 5.6.15.Final
15:45 o.h.annotations.common.Version-HCANN000001: Hibernate Commons Annotations {5.1.2.Final}
15:45 org.hibernate.dialect.Dialect-HHH000400: Using dialect: org.hibernate.dialect.MariaDBDialect
15:45 o.h.e.t.j.p.i.JtaPlatformInitiator-HHH000490: Using JtaPlatform implementation: [org.hibernate.engine.transaction.jta.platform.internal.NoJtaPlatform]
15:45 o.s.o.j.LocalContainerEntityManagerFactoryBean-Initialized JPA EntityManagerFactory for persistence unit 'default'
15:45 o.s.b.a.o.j.JpaBaseConfiguration$JpaWebConfiguration-spring.jpa.open-in-view is enabled by default. Therefore, database queries may be performed during view rendering. Explicitly configure spring.jpa.open-in-view to disable this warning
15:45 o.s.b.a.batch.JpaBatchConfigurer-JPA does not support custom isolation levels, so locks may not be taken when launching Jobs. To silence this warning, set 'spring.batch.jdbc.isolation-level-for-create' to 'default'.
15:45 o.s.b.c.r.s.JobRepositoryFactoryBean-No database type set, using meta data indicating: MYSQL
15:45 o.s.b.c.l.support.SimpleJobLauncher-No TaskExecutor has been set, defaulting to synchronous executor.
15:45 o.a.coyote.http11.Http11NioProtocol-Starting ProtocolHandler ["http-nio-8080"]
15:45 o.s.b.w.e.tomcat.TomcatWebServer-Tomcat started on port(s): 8080 (http) with context path ''
15:45 com.beyond.board.BoardApplication-Started BoardApplication in 3.119 seconds (JVM running for 3.868)
15:45 o.s.b.a.b.JobLauncherApplicationRunner-Running default command line with: []
15:45 o.s.b.c.l.support.SimpleJobLauncher-Job: [SimpleJob: [name=excuteJob]] launched with the following parameters: [{}]
15:45 o.s.batch.core.job.SimpleStepHandler-Step already complete or not restartable, so no action to execute: StepExecution: id=1, version=3, name=firstStep, status=COMPLETED, exitStatus=COMPLETED, readCount=0, filterCount=0, writeCount=0 readSkipCount=0, writeSkipCount=0, processSkipCount=0, commitCount=1, rollbackCount=0, exitDescription=
15:45 o.s.batch.core.job.SimpleStepHandler-Step already complete or not restartable, so no action to execute: StepExecution: id=2, version=3, name=secondStep, status=COMPLETED, exitStatus=COMPLETED, readCount=0, filterCount=0, writeCount=0 readSkipCount=0, writeSkipCount=0, processSkipCount=0, commitCount=1, rollbackCount=0, exitDescription=
15:45 o.s.b.c.l.support.SimpleJobLauncher-Job: [SimpleJob: [name=excuteJob]] completed with the following parameters: [{}] and the following status: [COMPLETED] in 11ms
15:45 o.a.c.c.C.[Tomcat].[localhost].[/]-Initializing Spring DispatcherServlet 'dispatcherServlet'
15:45 o.s.web.servlet.DispatcherServlet-Initializing Servlet 'dispatcherServlet'
15:45 o.s.web.servlet.DispatcherServlet-Completed initialization in 1 ms
15:45 c.beyond.board.common.AopLogService-aop start
15:45 c.beyond.board.common.AopLogService-Method 명 : authorCreateScreen
15:45 c.beyond.board.common.AopLogService-HTTP 메서드GET
15:45 c.beyond.board.common.AopLogService-user inputs : {}
15:45 c.beyond.board.common.AopLogService-aop end
15:45 c.beyond.board.common.AopLogService-aop start
15:45 c.beyond.board.common.AopLogService-Method 명 : authorCreatePost
15:45 c.beyond.board.common.AopLogService-HTTP 메서드POST
15:45 c.beyond.board.common.AopLogService-user inputs : {"name":["test44"],"email":["test44@naver.com"],"password":["123412341"],"role":["USER"]}
15:45 c.beyond.board.common.AopLogService-aop end
15:45 c.beyond.board.common.AopLogService-aop start
15:45 c.beyond.board.common.AopLogService-Method 명 : home
15:45 c.beyond.board.common.AopLogService-HTTP 메서드GET
15:45 c.beyond.board.common.AopLogService-user inputs : {}
15:45 c.beyond.board.common.AopLogService-aop end
15:47 o.s.o.j.LocalContainerEntityManagerFactoryBean-Closing JPA EntityManagerFactory for persistence unit 'default'
15:47 com.zaxxer.hikari.HikariDataSource-HikariPool-1 - Shutdown initiated...
15:47 com.zaxxer.hikari.HikariDataSource-HikariPool-1 - Shutdown completed.
17:05 com.beyond.board.BoardApplication-Starting BoardApplication using Java 11.0.22 on LAPTOP-B7AO1TEQ with PID 7868 (C:\Users\Playdata\Desktop\board\build\classes\java\main started by Playdata in C:\Users\Playdata\Desktop\board)
17:05 com.beyond.board.BoardApplication-The following 1 profile is active: "dev"
17:05 o.s.d.r.c.RepositoryConfigurationDelegate-Bootstrapping Spring Data JPA repositories in DEFAULT mode.
17:05 o.s.d.r.c.RepositoryConfigurationDelegate-Finished Spring Data repository scanning in 136 ms. Found 2 JPA repository interfaces.
17:05 o.s.b.w.e.tomcat.TomcatWebServer-Tomcat initialized with port(s): 8080 (http)
17:05 o.a.coyote.http11.Http11NioProtocol-Initializing ProtocolHandler ["http-nio-8080"]
17:05 o.a.catalina.core.StandardService-Starting service [Tomcat]
17:05 o.a.catalina.core.StandardEngine-Starting Servlet engine: [Apache Tomcat/9.0.74]
17:05 o.a.c.c.C.[Tomcat].[localhost].[/]-Initializing Spring embedded WebApplicationContext
17:05 o.s.b.w.s.c.ServletWebServerApplicationContext-Root WebApplicationContext: initialization completed in 1731 ms
17:05 com.zaxxer.hikari.HikariDataSource-HikariPool-1 - Starting...
17:05 com.zaxxer.hikari.HikariDataSource-HikariPool-1 - Start completed.
17:05 o.h.jpa.internal.util.LogHelper-HHH000204: Processing PersistenceUnitInfo [name: default]
17:05 org.hibernate.Version-HHH000412: Hibernate ORM core version 5.6.15.Final
17:05 o.h.annotations.common.Version-HCANN000001: Hibernate Commons Annotations {5.1.2.Final}
17:05 org.hibernate.dialect.Dialect-HHH000400: Using dialect: org.hibernate.dialect.MariaDBDialect
17:05 o.h.e.t.j.p.i.JtaPlatformInitiator-HHH000490: Using JtaPlatform implementation: [org.hibernate.engine.transaction.jta.platform.internal.NoJtaPlatform]
17:05 o.s.o.j.LocalContainerEntityManagerFactoryBean-Initialized JPA EntityManagerFactory for persistence unit 'default'
17:05 o.s.b.a.o.j.JpaBaseConfiguration$JpaWebConfiguration-spring.jpa.open-in-view is enabled by default. Therefore, database queries may be performed during view rendering. Explicitly configure spring.jpa.open-in-view to disable this warning
17:05 o.s.b.a.batch.JpaBatchConfigurer-JPA does not support custom isolation levels, so locks may not be taken when launching Jobs. To silence this warning, set 'spring.batch.jdbc.isolation-level-for-create' to 'default'.
17:05 o.s.b.c.r.s.JobRepositoryFactoryBean-No database type set, using meta data indicating: MYSQL
17:05 o.s.b.c.l.support.SimpleJobLauncher-No TaskExecutor has been set, defaulting to synchronous executor.
17:05 o.a.coyote.http11.Http11NioProtocol-Starting ProtocolHandler ["http-nio-8080"]
17:05 o.s.b.w.e.tomcat.TomcatWebServer-Tomcat started on port(s): 8080 (http) with context path ''
17:05 com.beyond.board.BoardApplication-Started BoardApplication in 4.797 seconds (JVM running for 6.213)
17:05 o.s.b.a.b.JobLauncherApplicationRunner-Running default command line with: []
17:05 o.s.b.c.l.support.SimpleJobLauncher-Job: [SimpleJob: [name=excuteJob]] launched with the following parameters: [{}]
17:05 o.s.batch.core.job.SimpleStepHandler-Step already complete or not restartable, so no action to execute: StepExecution: id=1, version=3, name=firstStep, status=COMPLETED, exitStatus=COMPLETED, readCount=0, filterCount=0, writeCount=0 readSkipCount=0, writeSkipCount=0, processSkipCount=0, commitCount=1, rollbackCount=0, exitDescription=
17:05 o.s.batch.core.job.SimpleStepHandler-Step already complete or not restartable, so no action to execute: StepExecution: id=2, version=3, name=secondStep, status=COMPLETED, exitStatus=COMPLETED, readCount=0, filterCount=0, writeCount=0 readSkipCount=0, writeSkipCount=0, processSkipCount=0, commitCount=1, rollbackCount=0, exitDescription=
17:05 o.s.b.c.l.support.SimpleJobLauncher-Job: [SimpleJob: [name=excuteJob]] completed with the following parameters: [{}] and the following status: [COMPLETED] in 17ms
17:05 o.a.c.c.C.[Tomcat].[localhost].[/]-Initializing Spring DispatcherServlet 'dispatcherServlet'
17:05 o.s.web.servlet.DispatcherServlet-Initializing Servlet 'dispatcherServlet'
17:05 o.s.web.servlet.DispatcherServlet-Completed initialization in 1 ms
17:06 o.s.o.j.LocalContainerEntityManagerFactoryBean-Closing JPA EntityManagerFactory for persistence unit 'default'
17:06 com.zaxxer.hikari.HikariDataSource-HikariPool-1 - Shutdown initiated...
17:06 com.zaxxer.hikari.HikariDataSource-HikariPool-1 - Shutdown completed.
17:14 com.beyond.board.BoardApplication-Starting BoardApplication using Java 11.0.22 on LAPTOP-B7AO1TEQ with PID 9440 (C:\Users\Playdata\Desktop\board\build\classes\java\main started by Playdata in C:\Users\Playdata\Desktop\board)
17:14 com.beyond.board.BoardApplication-The following 1 profile is active: "dev"
17:14 o.s.d.r.c.RepositoryConfigurationDelegate-Bootstrapping Spring Data JPA repositories in DEFAULT mode.
17:14 o.s.d.r.c.RepositoryConfigurationDelegate-Finished Spring Data repository scanning in 148 ms. Found 2 JPA repository interfaces.
17:14 o.s.b.w.e.tomcat.TomcatWebServer-Tomcat initialized with port(s): 8080 (http)
17:14 o.a.coyote.http11.Http11NioProtocol-Initializing ProtocolHandler ["http-nio-8080"]
17:14 o.a.catalina.core.StandardService-Starting service [Tomcat]
17:14 o.a.catalina.core.StandardEngine-Starting Servlet engine: [Apache Tomcat/9.0.74]
17:14 o.a.c.c.C.[Tomcat].[localhost].[/]-Initializing Spring embedded WebApplicationContext
17:14 o.s.b.w.s.c.ServletWebServerApplicationContext-Root WebApplicationContext: initialization completed in 2284 ms
17:14 com.zaxxer.hikari.HikariDataSource-HikariPool-1 - Starting...
17:14 com.zaxxer.hikari.HikariDataSource-HikariPool-1 - Start completed.
17:14 o.h.jpa.internal.util.LogHelper-HHH000204: Processing PersistenceUnitInfo [name: default]
17:14 org.hibernate.Version-HHH000412: Hibernate ORM core version 5.6.15.Final
17:14 o.h.annotations.common.Version-HCANN000001: Hibernate Commons Annotations {5.1.2.Final}
17:14 org.hibernate.dialect.Dialect-HHH000400: Using dialect: org.hibernate.dialect.MariaDBDialect
17:14 o.h.e.t.j.p.i.JtaPlatformInitiator-HHH000490: Using JtaPlatform implementation: [org.hibernate.engine.transaction.jta.platform.internal.NoJtaPlatform]
17:14 o.s.o.j.LocalContainerEntityManagerFactoryBean-Initialized JPA EntityManagerFactory for persistence unit 'default'
17:14 o.s.b.a.o.j.JpaBaseConfiguration$JpaWebConfiguration-spring.jpa.open-in-view is enabled by default. Therefore, database queries may be performed during view rendering. Explicitly configure spring.jpa.open-in-view to disable this warning
17:15 o.s.b.a.batch.JpaBatchConfigurer-JPA does not support custom isolation levels, so locks may not be taken when launching Jobs. To silence this warning, set 'spring.batch.jdbc.isolation-level-for-create' to 'default'.
17:15 o.s.b.c.r.s.JobRepositoryFactoryBean-No database type set, using meta data indicating: MYSQL
17:15 o.s.b.c.l.support.SimpleJobLauncher-No TaskExecutor has been set, defaulting to synchronous executor.
17:15 o.s.b.a.s.s.UserDetailsServiceAutoConfiguration-

Using generated security password: a079f1e1-4711-4de7-a2ff-b8668c326dc7

This generated password is for development use only. Your security configuration must be updated before running your application in production.

17:15 o.s.s.web.DefaultSecurityFilterChain-Will secure any request with [org.springframework.security.web.session.DisableEncodeUrlFilter@2d527346, org.springframework.security.web.context.request.async.WebAsyncManagerIntegrationFilter@451cef67, org.springframework.security.web.context.SecurityContextPersistenceFilter@6075a4ea, org.springframework.security.web.header.HeaderWriterFilter@19bbb216, org.springframework.security.web.csrf.CsrfFilter@6778636f, org.springframework.security.web.authentication.logout.LogoutFilter@548c5127, org.springframework.security.web.authentication.UsernamePasswordAuthenticationFilter@4529048e, org.springframework.security.web.authentication.ui.DefaultLoginPageGeneratingFilter@7891742e, org.springframework.security.web.authentication.ui.DefaultLogoutPageGeneratingFilter@11fb1691, org.springframework.security.web.authentication.www.BasicAuthenticationFilter@524c3e54, org.springframework.security.web.savedrequest.RequestCacheAwareFilter@3f2169e9, org.springframework.security.web.servletapi.SecurityContextHolderAwareRequestFilter@6689bf04, org.springframework.security.web.authentication.AnonymousAuthenticationFilter@1f229c40, org.springframework.security.web.session.SessionManagementFilter@549debdb, org.springframework.security.web.access.ExceptionTranslationFilter@39b9dc35, org.springframework.security.web.access.intercept.FilterSecurityInterceptor@1db5de29]
17:15 o.a.coyote.http11.Http11NioProtocol-Starting ProtocolHandler ["http-nio-8080"]
17:15 o.s.b.w.e.tomcat.TomcatWebServer-Tomcat started on port(s): 8080 (http) with context path ''
17:15 com.beyond.board.BoardApplication-Started BoardApplication in 6.366 seconds (JVM running for 7.802)
17:15 o.s.b.a.b.JobLauncherApplicationRunner-Running default command line with: []
17:15 o.a.c.c.C.[Tomcat].[localhost].[/]-Initializing Spring DispatcherServlet 'dispatcherServlet'
17:15 o.s.web.servlet.DispatcherServlet-Initializing Servlet 'dispatcherServlet'
17:15 o.s.web.servlet.DispatcherServlet-Completed initialization in 3 ms
17:15 o.s.b.c.l.support.SimpleJobLauncher-Job: [SimpleJob: [name=excuteJob]] launched with the following parameters: [{}]
17:15 o.s.batch.core.job.SimpleStepHandler-Step already complete or not restartable, so no action to execute: StepExecution: id=1, version=3, name=firstStep, status=COMPLETED, exitStatus=COMPLETED, readCount=0, filterCount=0, writeCount=0 readSkipCount=0, writeSkipCount=0, processSkipCount=0, commitCount=1, rollbackCount=0, exitDescription=
17:15 o.s.batch.core.job.SimpleStepHandler-Step already complete or not restartable, so no action to execute: StepExecution: id=2, version=3, name=secondStep, status=COMPLETED, exitStatus=COMPLETED, readCount=0, filterCount=0, writeCount=0 readSkipCount=0, writeSkipCount=0, processSkipCount=0, commitCount=1, rollbackCount=0, exitDescription=
17:15 o.s.b.c.l.support.SimpleJobLauncher-Job: [SimpleJob: [name=excuteJob]] completed with the following parameters: [{}] and the following status: [COMPLETED] in 21ms
17:15 o.a.c.util.SessionIdGeneratorBase-Creation of SecureRandom instance for session ID generation using [SHA1PRNG] took [345] milliseconds.
17:17 o.s.o.j.LocalContainerEntityManagerFactoryBean-Closing JPA EntityManagerFactory for persistence unit 'default'
17:17 com.zaxxer.hikari.HikariDataSource-HikariPool-1 - Shutdown initiated...
17:17 com.zaxxer.hikari.HikariDataSource-HikariPool-1 - Shutdown completed.
